[    0.000000] Linux version 4.15.0-208-generic (buildd@lcy02-amd64-015) (gcc version 7.5.0 (Ubuntu 7.5.0-3ubuntu1~18.04)) #220-Ubuntu SMP Mon Mar 20 14:27:01 UTC 2023 (Ubuntu 4.15.0-208.220-generic 4.15.18)
[    0.000000] Command line: BOOT_IMAGE=/boot/vmlinuz-4.15.0-208-generic root=LABEL=cloudimg-rootfs ro console=tty1 console=ttyS0
[    0.000000] KERNEL supported cpus:
[    0.000000]   Intel GenuineIntel
[    0.000000]   AMD AuthenticAMD
[    0.000000]   Centaur CentaurHauls
[    0.000000] x86/fpu: Supporting XSAVE feature 0x001: 'x87 floating point registers'
[    0.000000] x86/fpu: Supporting XSAVE feature 0x002: 'SSE registers'
[    0.000000] x86/fpu: Supporting XSAVE feature 0x004: 'AVX registers'
[    0.000000] x86/fpu: xstate_offset[2]:  576, xstate_sizes[2]:  256
[    0.000000] x86/fpu: Enabled xstate features 0x7, context size is 832 bytes, using 'standard' format.
[    0.000000] e820: BIOS-provided physical RAM map:
[    0.000000] BIOS-e820: [mem 0x0000000000000000-0x000000000009fbff] usable
[    0.000000] BIOS-e820: [mem 0x000000000009fc00-0x000000000009ffff] reserved
[    0.000000] BIOS-e820: [mem 0x00000000000f0000-0x00000000000fffff] reserved
[    0.000000] BIOS-e820: [mem 0x0000000000100000-0x000000003ffeffff] usable
[    0.000000] BIOS-e820: [mem 0x000000003fff0000-0x000000003fffffff] ACPI data
[    0.000000] BIOS-e820: [mem 0x00000000fec00000-0x00000000fec00fff] reserved
[    0.000000] BIOS-e820: [mem 0x00000000fee00000-0x00000000fee00fff] reserved
[    0.000000] BIOS-e820: [mem 0x00000000fffc0000-0x00000000ffffffff] reserved
[    0.000000] NX (Execute Disable) protection: active
[    0.000000] SMBIOS 2.5 present.
[    0.000000] DMI: innotek GmbH VirtualBox/VirtualBox, BIOS VirtualBox 12/01/2006
[    0.000000] Hypervisor detected: KVM
[    0.000000] e820: last_pfn = 0x3fff0 max_arch_pfn = 0x400000000
[    0.000000] MTRR: Disabled
[    0.000000] x86/PAT: MTRRs disabled, skipping PAT initialization too.
[    0.000000] CPU MTRRs all blank - virtualized system.
[    0.000000] x86/PAT: Configuration [0-7]: WB  WT  UC- UC  WB  WT  UC- UC  
[    0.000000] found SMP MP-table at [mem 0x0009fff0-0x0009ffff]
[    0.000000] Scanning 1 areas for low memory corruption
[    0.000000] RAMDISK: [mem 0x359c9000-0x36cdbfff]
[    0.000000] ACPI: Early table checksum verification disabled
[    0.000000] ACPI: RSDP 0x00000000000E0000 000024 (v02 VBOX  )
[    0.000000] ACPI: XSDT 0x000000003FFF0030 00003C (v01 VBOX   VBOXXSDT 00000001 ASL  00000061)
[    0.000000] ACPI: FACP 0x000000003FFF00F0 0000F4 (v04 VBOX   VBOXFACP 00000001 ASL  00000061)
[    0.000000] ACPI: DSDT 0x000000003FFF0610 002353 (v02 VBOX   VBOXBIOS 00000002 INTL 20100528)
[    0.000000] ACPI: FACS 0x000000003FFF0200 000040
[    0.000000] ACPI: FACS 0x000000003FFF0200 000040
[    0.000000] ACPI: APIC 0x000000003FFF0240 00005C (v02 VBOX   VBOXAPIC 00000001 ASL  00000061)
[    0.000000] ACPI: SSDT 0x000000003FFF02A0 00036C (v01 VBOX   VBOXCPUT 00000002 INTL 20100528)
[    0.000000] ACPI: Reserving FACP table memory at [mem 0x3fff00f0-0x3fff01e3]
[    0.000000] ACPI: Reserving DSDT table memory at [mem 0x3fff0610-0x3fff2962]
[    0.000000] ACPI: Reserving FACS table memory at [mem 0x3fff0200-0x3fff023f]
[    0.000000] ACPI: Reserving FACS table memory at [mem 0x3fff0200-0x3fff023f]
[    0.000000] ACPI: Reserving APIC table memory at [mem 0x3fff0240-0x3fff029b]
[    0.000000] ACPI: Reserving SSDT table memory at [mem 0x3fff02a0-0x3fff060b]
[    0.000000] No NUMA configuration found
[    0.000000] Faking a node at [mem 0x0000000000000000-0x000000003ffeffff]
[    0.000000] NODE_DATA(0) allocated [mem 0x3ffc5000-0x3ffeffff]
[    0.000000] kvm-clock: cpu 0, msr 0:3ff44001, primary cpu clock
[    0.000000] kvm-clock: Using msrs 4b564d01 and 4b564d00
[    0.000000] kvm-clock: using sched offset of 3066296607 cycles
[    0.000000] clocksource: kvm-clock: mask: 0xffffffffffffffff max_cycles: 0x1cd42e4dffb, max_idle_ns: 881590591483 ns
[    0.000000] Zone ranges:
[    0.000000]   DMA      [mem 0x0000000000001000-0x0000000000ffffff]
[    0.000000]   DMA32    [mem 0x0000000001000000-0x000000003ffeffff]
[    0.000000]   Normal   empty
[    0.000000]   Device   empty
[    0.000000] Movable zone start for each node
[    0.000000] Early memory node ranges
[    0.000000]   node   0: [mem 0x0000000000001000-0x000000000009efff]
[    0.000000]   node   0: [mem 0x0000000000100000-0x000000003ffeffff]
[    0.000000] Reserved but unavailable: 104 pages
[    0.000000] Initmem setup node 0 [mem 0x0000000000001000-0x000000003ffeffff]
[    0.000000] ACPI: PM-Timer IO Port: 0x4008
[    0.000000] IOAPIC[0]: apic_id 2, version 32, address 0xfec00000, GSI 0-23
[    0.000000] ACPI: INT_SRC_OVR (bus 0 bus_irq 0 global_irq 2 dfl dfl)
[    0.000000] ACPI: INT_SRC_OVR (bus 0 bus_irq 9 global_irq 9 low level)
[    0.000000] Using ACPI (MADT) for SMP configuration information
[    0.000000] smpboot: Allowing 2 CPUs, 0 hotplug CPUs
[    0.000000] PM: Registered nosave memory: [mem 0x00000000-0x00000fff]
[    0.000000] PM: Registered nosave memory: [mem 0x0009f000-0x0009ffff]
[    0.000000] PM: Registered nosave memory: [mem 0x000a0000-0x000effff]
[    0.000000] PM: Registered nosave memory: [mem 0x000f0000-0x000fffff]
[    0.000000] e820: [mem 0x40000000-0xfebfffff] available for PCI devices
[    0.000000] Booting paravirtualized kernel on KVM
[    0.000000] clocksource: refined-jiffies: mask: 0xffffffff max_cycles: 0xffffffff, max_idle_ns: 7645519600211568 ns
[    0.000000] setup_percpu: NR_CPUS:8192 nr_cpumask_bits:2 nr_cpu_ids:2 nr_node_ids:1
[    0.000000] percpu: Embedded 50 pages/cpu s167936 r8192 d28672 u1048576
[    0.000000] PV qspinlock hash table entries: 256 (order: 0, 4096 bytes)
[    0.000000] Built 1 zonelists, mobility grouping on.  Total pages: 257913
[    0.000000] Policy zone: DMA32
[    0.000000] Kernel command line: BOOT_IMAGE=/boot/vmlinuz-4.15.0-208-generic root=LABEL=cloudimg-rootfs ro console=tty1 console=ttyS0
[    0.000000] Memory: 982640K/1048120K available (12300K kernel code, 2477K rwdata, 4324K rodata, 2480K init, 2720K bss, 65480K reserved, 0K cma-reserved)
[    0.000000] SLUB: HWalign=64, Order=0-3, MinObjects=0, CPUs=2, Nodes=1
[    0.000000] ftrace: allocating 39494 entries in 155 pages
[    0.004000] Hierarchical RCU implementation.
[    0.004000] 	RCU restricting CPUs from NR_CPUS=8192 to nr_cpu_ids=2.
[    0.004000] 	Tasks RCU enabled.
[    0.004000] RCU: Adjusting geometry for rcu_fanout_leaf=16, nr_cpu_ids=2
[    0.004000] NR_IRQS: 524544, nr_irqs: 440, preallocated irqs: 16
[    0.004000] random: crng init done
[    0.004000] Console: colour VGA+ 80x25
[    0.004000] console [tty1] enabled
[    0.004000] console [ttyS0] enabled
[    0.004000] ACPI: Core revision 20170831
[    0.004000] ACPI: 2 ACPI AML tables successfully acquired and loaded
[    0.004000] APIC: Switch to symmetric I/O mode setup
[    0.004000] x2apic enabled
[    0.004000] Switched APIC routing to physical x2apic.
[    0.004000] ..TIMER: vector=0x30 apic1=0 pin1=2 apic2=-1 pin2=-1
[    0.004005] tsc: Detected 1689.599 MHz processor
[    0.005081] Calibrating delay loop (skipped) preset value.. 3379.19 BogoMIPS (lpj=6758396)
[    0.008005] pid_max: default: 32768 minimum: 301
[    0.008788] Security Framework initialized
[    0.009251] Yama: becoming mindful.
[    0.009743] AppArmor: AppArmor initialized
[    0.012119] Dentry cache hash table entries: 131072 (order: 8, 1048576 bytes)
[    0.013367] Inode-cache hash table entries: 65536 (order: 7, 524288 bytes)
[    0.014447] Mount-cache hash table entries: 2048 (order: 2, 16384 bytes)
[    0.015477] Mountpoint-cache hash table entries: 2048 (order: 2, 16384 bytes)
[    0.016278] Last level iTLB entries: 4KB 0, 2MB 0, 4MB 0
[    0.017081] Last level dTLB entries: 4KB 0, 2MB 0, 4MB 0, 1GB 0
[    0.017773] Spectre V1 : Mitigation: usercopy/swapgs barriers and __user pointer sanitization
[    0.018837] Spectre V2 : Mitigation: Retpolines
[    0.020001] Spectre V2 : Spectre v2 / SpectreRSB mitigation: Filling RSB on context switch
[    0.020997] Spectre V2 : Spectre v2 / SpectreRSB : Filling RSB on VMEXIT
[    0.021830] Speculative Store Bypass: Vulnerable
[    0.022550] Freeing SMP alternatives memory: 36K
[    0.132712] smpboot: CPU0: 11th Gen Intel(R) Core(TM) i7-1165G7 @ 2.80GHz (family: 0x6, model: 0x8c, stepping: 0x1)
[    0.135624] Performance Events: unsupported p6 CPU model 140 no PMU driver, software events only.
[    0.136039] Hierarchical SRCU implementation.
[    0.138087] NMI watchdog: Perf event create on CPU 0 failed with -2
[    0.140002] NMI watchdog: Perf NMI watchdog permanently disabled
[    0.140884] smp: Bringing up secondary CPUs ...
[    0.141504] x86: Booting SMP configuration:
[    0.142031] .... node  #0, CPUs:      #1
[    0.004000] kvm-clock: cpu 1, msr 0:3ff44041, secondary cpu clock
[    0.146109] smp: Brought up 1 node, 2 CPUs
[    0.146109] smpboot: Max logical packages: 1
[    0.146109] smpboot: Total of 2 processors activated (6758.39 BogoMIPS)
[    0.148039] devtmpfs: initialized
[    0.148504] x86/mm: Memory block size: 128MB
[    0.149138] evm: security.selinux
[    0.149595] evm: security.SMACK64
[    0.150022] evm: security.SMACK64EXEC
[    0.150503] evm: security.SMACK64TRANSMUTE
[    0.151013] evm: security.SMACK64MMAP
[    0.151486] evm: security.apparmor
[    0.151926] evm: security.ima
[    0.152002] evm: security.capability
[    0.152476] clocksource: jiffies: mask: 0xffffffff max_cycles: 0xffffffff, max_idle_ns: 7645041785100000 ns
[    0.153208] futex hash table entries: 512 (order: 3, 32768 bytes)
[    0.154001] pinctrl core: initialized pinctrl subsystem
[    0.156080] RTC time:  6:38:55, date: 04/19/23
[    0.157081] NET: Registered protocol family 16
[    0.158062] audit: initializing netlink subsys (disabled)
[    0.159147] audit: type=2000 audit(1681886340.367:1): state=initialized audit_enabled=0 res=1
[    0.160014] cpuidle: using governor ladder
[    0.160504] cpuidle: using governor menu
[    0.160970] ACPI: bus type PCI registered
[    0.161436] acpiphp: ACPI Hot Plug PCI Controller Driver version: 0.5
[    0.162364] PCI: Using configuration type 1 for base access
[    0.164332] HugeTLB registered 2.00 MiB page size, pre-allocated 0 pages
[    0.165789] ACPI: Added _OSI(Module Device)
[    0.168004] ACPI: Added _OSI(Processor Device)
[    0.168991] ACPI: Added _OSI(3.0 _SCP Extensions)
[    0.170158] ACPI: Added _OSI(Processor Aggregator Device)
[    0.172003] ACPI: Added _OSI(Linux-Dell-Video)
[    0.173155] ACPI: Added _OSI(Linux-Lenovo-NV-HDMI-Audio)
[    0.174543] ACPI: Added _OSI(Linux-HPI-Hybrid-Graphics)
[    0.176396] ACPI: Executed 1 blocks of module-level executable AML code
[    0.182650] ACPI: Interpreter enabled
[    0.183613] ACPI: (supports S0 S5)
[    0.184003] ACPI: Using IOAPIC for interrupt routing
[    0.185531] PCI: Using host bridge windows from ACPI; if necessary, use "pci=nocrs" and report a bug
[    0.188000] ACPI: Enabled 2 GPEs in block 00 to 07
[    0.194585] ACPI: PCI Root Bridge [PCI0] (domain 0000 [bus 00-ff])
[    0.195493] acpi PNP0A03:00: _OSC: OS supports [ASPM ClockPM Segments MSI]
[    0.196000] acpi PNP0A03:00: _OSC: not requesting OS control; OS requires [ExtendedConfig ASPM ClockPM MSI]
[    0.196025] acpi PNP0A03:00: fail to add MMCONFIG information, can't access extended PCI configuration space under this bridge.
[    0.200843] PCI host bridge to bus 0000:00
[    0.202348] pci_bus 0000:00: root bus resource [io  0x0000-0x0cf7 window]
[    0.204008] pci_bus 0000:00: root bus resource [io  0x0d00-0xffff window]
[    0.208009] pci_bus 0000:00: root bus resource [mem 0x000a0000-0x000bffff window]
[    0.212008] pci_bus 0000:00: root bus resource [mem 0x40000000-0xfdffffff window]
[    0.214824] pci_bus 0000:00: root bus resource [bus 00-ff]
[    0.220536] pci 0000:00:01.1: legacy IDE quirk: reg 0x10: [io  0x01f0-0x01f7]
[    0.222184] pci 0000:00:01.1: legacy IDE quirk: reg 0x14: [io  0x03f6]
[    0.223547] pci 0000:00:01.1: legacy IDE quirk: reg 0x18: [io  0x0170-0x0177]
[    0.224003] pci 0000:00:01.1: legacy IDE quirk: reg 0x1c: [io  0x0376]
[    0.238357] pci 0000:00:07.0: quirk: [io  0x4000-0x403f] claimed by PIIX4 ACPI
[    0.239593] pci 0000:00:07.0: quirk: [io  0x4100-0x410f] claimed by PIIX4 SMB
[    0.244384] ACPI: PCI Interrupt Link [LNKA] (IRQs 5 9 10 *11)
[    0.245339] ACPI: PCI Interrupt Link [LNKB] (IRQs 5 9 *10 11)
[    0.246135] ACPI: PCI Interrupt Link [LNKC] (IRQs 5 *9 10 11)
[    0.246942] ACPI: PCI Interrupt Link [LNKD] (IRQs 5 9 10 *11)
[    0.247990] SCSI subsystem initialized
[    0.248025] pci 0000:00:02.0: vgaarb: setting as boot VGA device
[    0.248780] pci 0000:00:02.0: vgaarb: VGA device added: decodes=io+mem,owns=io+mem,locks=none
[    0.249825] pci 0000:00:02.0: vgaarb: bridge control possible
[    0.250642] vgaarb: loaded
[    0.251027] ACPI: bus type USB registered
[    0.252018] usbcore: registered new interface driver usbfs
[    0.252687] usbcore: registered new interface driver hub
[    0.253336] usbcore: registered new device driver usb
[    0.254035] EDAC MC: Ver: 3.0.0
[    0.254035] PCI: Using ACPI for IRQ routing
[    0.254035] NetLabel: Initializing
[    0.256004] NetLabel:  domain hash size = 128
[    0.256408] NetLabel:  protocols = UNLABELED CIPSOv4 CALIPSO
[    0.257083] NetLabel:  unlabeled traffic allowed by default
[    0.257775] clocksource: Switched to clocksource kvm-clock
[    0.263771] VFS: Disk quotas dquot_6.6.0
[    0.264367] VFS: Dquot-cache hash table entries: 512 (order 0, 4096 bytes)
[    0.265262] AppArmor: AppArmor Filesystem Enabled
[    0.265909] pnp: PnP ACPI init
[    0.267012] pnp: PnP ACPI: found 3 devices
[    0.275779] clocksource: acpi_pm: mask: 0xffffff max_cycles: 0xffffff, max_idle_ns: 2085701024 ns
[    0.277502] NET: Registered protocol family 2
[    0.278105] IP idents hash table entries: 16384 (order: 5, 131072 bytes)
[    0.279080] TCP established hash table entries: 8192 (order: 4, 65536 bytes)
[    0.279997] TCP bind hash table entries: 8192 (order: 5, 131072 bytes)
[    0.280823] TCP: Hash tables configured (established 8192 bind 8192)
[    0.281587] UDP hash table entries: 512 (order: 2, 16384 bytes)
[    0.282299] UDP-Lite hash table entries: 512 (order: 2, 16384 bytes)
[    0.283081] NET: Registered protocol family 1
[    0.283649] pci 0000:00:00.0: Limiting direct PCI/PCI transfers
[    0.284401] pci 0000:00:01.0: Activating ISA DMA hang workarounds
[    0.285158] pci 0000:00:02.0: Video device with shadowed ROM at [mem 0x000c0000-0x000dffff]
[    0.286223] Unpacking initramfs...
[    0.560696] Freeing initrd memory: 19532K
[    0.563498] clocksource: tsc: mask: 0xffffffffffffffff max_cycles: 0x185ac5ca321, max_idle_ns: 440795231783 ns
[    0.566415] platform rtc_cmos: registered platform RTC device (no PNP device found)
[    0.568357] Scanning for low memory corruption every 60 seconds
[    0.570746] Initialise system trusted keyrings
[    0.571501] Key type blacklist registered
[    0.572734] workingset: timestamp_bits=36 max_order=18 bucket_order=0
[    0.573834] zbud: loaded
[    0.574863] squashfs: version 4.0 (2009/01/31) Phillip Lougher
[    0.575774] fuse init (API version 7.26)
[    0.578872] Key type asymmetric registered
[    0.579317] Asymmetric key parser 'x509' registered
[    0.579756] Block layer SCSI generic (bsg) driver version 0.4 loaded (major 246)
[    0.580778] io scheduler noop registered
[    0.581310] io scheduler deadline registered
[    0.581717] io scheduler cfq registered (default)
[    0.582615] ACPI: AC Adapter [AC] (on-line)
[    0.583173] input: Power Button as /devices/LNXSYSTM:00/LNXPWRBN:00/input/input0
[    0.584093] ACPI: Power Button [PWRF]
[    0.584905] input: Sleep Button as /devices/LNXSYSTM:00/LNXSLPBN:00/input/input1
[    0.586116] ACPI: Sleep Button [SLPF]
[    0.588293] ACPI: Battery Slot [BAT0] (battery present)
[    0.588379] Serial: 8250/16550 driver, 32 ports, IRQ sharing enabled
[    0.611870] 00:02: ttyS0 at I/O 0x3f8 (irq = 4, base_baud = 115200) is a 16550A
[    0.614698] Linux agpgart interface v0.103
[    0.616342] loop: module loaded
[    0.617459] scsi host0: ata_piix
[    0.618721] scsi host1: ata_piix
[    0.619095] ata1: PATA max UDMA/33 cmd 0x1f0 ctl 0x3f6 bmdma 0xd000 irq 14
[    0.619688] ata2: PATA max UDMA/33 cmd 0x170 ctl 0x376 bmdma 0xd008 irq 15
[    0.621467] tun: Universal TUN/TAP device driver, 1.6
[    0.623184] PPP generic driver version 2.4.2
[    0.624698] ehci_hcd: USB 2.0 'Enhanced' Host Controller (EHCI) Driver
[    0.626766] ehci-pci: EHCI PCI platform driver
[    0.628095] ehci-platform: EHCI generic platform driver
[    0.629690] ohci_hcd: USB 1.1 'Open' Host Controller (OHCI) Driver
[    0.631506] ohci-pci: OHCI PCI platform driver
[    0.632986] ohci-platform: OHCI generic platform driver
[    0.634575] uhci_hcd: USB Universal Host Controller Interface driver
[    0.637392] i8042: PNP: PS/2 Controller [PNP0303:PS2K,PNP0f03:PS2M] at 0x60,0x64 irq 1,12
[    0.641983] serio: i8042 KBD port at 0x60,0x64 irq 1
[    0.646469] serio: i8042 AUX port at 0x60,0x64 irq 12
[    0.648645] mousedev: PS/2 mouse device common for all mice
[    0.650717] input: AT Translated Set 2 keyboard as /devices/platform/i8042/serio0/input/input2
[    0.653750] rtc_cmos rtc_cmos: rtc core: registered rtc_cmos as rtc0
[    0.655478] rtc_cmos rtc_cmos: alarms up to one day, 114 bytes nvram
[    0.657158] i2c /dev entries driver
[    0.657851] device-mapper: uevent: version 1.0.3
[    0.658921] device-mapper: ioctl: 4.37.0-ioctl (2017-09-20) initialised: dm-devel@redhat.com
[    0.659860] ledtrig-cpu: registered to indicate activity on CPUs
[    0.661337] NET: Registered protocol family 10
[    0.664395] Segment Routing with IPv6
[    0.664788] NET: Registered protocol family 17
[    0.665385] Key type dns_resolver registered
[    0.666404] mce: Using 0 MCE banks
[    0.666858] RAS: Correctable Errors collector initialized.
[    0.667473] sched_clock: Marking stable (666386250, 0)->(825269414, -158883164)
[    0.668973] registered taskstats version 1
[    0.670092] Loading compiled-in X.509 certificates
[    0.674454] Loaded X.509 cert 'Build time autogenerated kernel key: 05d3fa630a0ed8a65520e390196b077fd5e65720'
[    0.677991] Loaded X.509 cert 'Canonical Ltd. Live Patch Signing: 14df34d1a87cf37625abec039ef2bf521249b969'
[    0.681287] Loaded X.509 cert 'Canonical Ltd. Kernel Module Signing: 88f752e560a1e0737e31163a466ad7b70a850c19'
[    0.683602] blacklist: Loading compiled-in revocation X.509 certificates
[    0.685245] Loaded X.509 cert 'Canonical Ltd. Secure Boot Signing: 61482aa2830d0ab2ad5af10b7250da9033ddcef0'
[    0.687539] Loaded X.509 cert 'Canonical Ltd. Secure Boot Signing (2017): 242ade75ac4a15e50d50c84b0d45ff3eae707a03'
[    0.689808] Loaded X.509 cert 'Canonical Ltd. Secure Boot Signing (ESM 2018): 365188c1d374d6b07c3c8f240f8ef722433d6a8b'
[    0.692041] Loaded X.509 cert 'Canonical Ltd. Secure Boot Signing (2019): c0746fd6c5da3ae827864651ad66ae47fe24b3e8'
[    0.693778] Loaded X.509 cert 'Canonical Ltd. Secure Boot Signing (2021 v1): a8d54bbb3825cfb94fa13c9f8a594a195c107b8d'
[    0.696269] Loaded X.509 cert 'Canonical Ltd. Secure Boot Signing (2021 v2): 4cf046892d6fd3c9a5b03f98d845f90851dc6a8c'
[    0.698487] Loaded X.509 cert 'Canonical Ltd. Secure Boot Signing (2021 v3): 100437bb6de6e469b581e61cd66bce3ef4ed53af'
[    0.700020] Loaded X.509 cert 'Canonical Ltd. Secure Boot Signing (Ubuntu Core 2019): c1d57b8f6b743f23ee41f4f7ee292f06eecadfb9'
[    0.701760] zswap: loaded using pool lzo/zbud
[    0.705160] Key type big_key registered
[    0.705789] Key type trusted registered
[    0.707424] Key type encrypted registered
[    0.708094] AppArmor: AppArmor sha1 policy hashing enabled
[    0.708932] ima: No TPM chip found, activating TPM-bypass! (rc=-19)
[    0.709848] ima: Allocated hash algorithm: sha1
[    0.710466] evm: HMAC attrs: 0x1
[    0.710870]   Magic number: 3:630:620
[    0.711233]   hash matches /build/linux-KwB9tO/linux-4.15.0/drivers/base/power/main.c:1401
[    0.712271] rtc_cmos rtc_cmos: setting system clock to 2023-04-19 06:38:55 UTC (1681886335)
[    0.713321] BIOS EDD facility v0.16 2004-Jun-25, 0 devices found
[    0.714048] EDD information not available.
[    0.809031] Freeing unused kernel image memory: 2480K
[    0.823926] Write protecting the kernel read-only data: 20480k
[    0.825697] Freeing unused kernel image memory: 2008K
[    0.827852] Freeing unused kernel image memory: 1820K
[    0.839257] x86/mm: Checked W+X mappings: passed, no W+X pages found.
Loading, please wait...
starting version 237
[    0.902107] Fusion MPT base driver 3.04.20
[    0.902738] Copyright (c) 1999-2008 LSI Corporation
[    0.928220] e1000: Intel(R) PRO/1000 Network Driver - version 7.3.21-k8-NAPI
[    0.930022] e1000: Copyright (c) 1999-2006 Intel Corporation.
[    0.938233] AVX2 version of gcm_enc/dec engaged.
[    0.939250] AES CTR mode by8 optimization enabled
[    0.947691] Fusion MPT SPI Host driver 3.04.20
[    1.116133] input: ImExPS/2 Generic Explorer Mouse as /devices/platform/i8042/serio1/input/input4
[    1.343628] e1000 0000:00:03.0 eth0: (PCI:33MHz:32-bit) 02:a9:d6:08:d7:18
[    1.344840] e1000 0000:00:03.0 eth0: Intel(R) PRO/1000 Network Connection
[    1.348388] mptbase: ioc0: Initiating bringup
[    1.351044] e1000 0000:00:03.0 enp0s3: renamed from eth0
[    1.460972] ioc0: LSI53C1030 A0: Capabilities={Initiator}
[    1.709498] scsi host2: ioc0: LSI53C1030 A0, FwRev=00000000h, Ports=1, MaxQ=256, IRQ=20
[    1.885807] scsi 2:0:0:0: Direct-Access     VBOX     HARDDISK         1.0  PQ: 0 ANSI: 5
[    1.920081] scsi target2:0:0: Beginning Domain Validation
[    1.928279] scsi target2:0:0: Domain Validation skipping write tests
[    1.929402] scsi target2:0:0: Ending Domain Validation
[    1.930686] scsi target2:0:0: asynchronous
[    1.932887] scsi 2:0:1:0: Direct-Access     VBOX     HARDDISK         1.0  PQ: 0 ANSI: 5
[    1.964106] scsi target2:0:1: Beginning Domain Validation
[    1.971569] scsi target2:0:1: Domain Validation skipping write tests
[    1.974009] scsi target2:0:1: Ending Domain Validation
[    1.975872] scsi target2:0:1: asynchronous
[    1.986266] sd 2:0:0:0: Attached scsi generic sg0 type 0
[    1.986735] sd 2:0:0:0: [sda] 83886080 512-byte logical blocks: (42.9 GB/40.0 GiB)
[    1.990644] sd 2:0:0:0: [sda] Write Protect is off
[    1.990682] sd 2:0:1:0: Attached scsi generic sg1 type 0
[    1.994526] sd 2:0:1:0: [sdb] 20480 512-byte logical blocks: (10.5 MB/10.0 MiB)
[    1.995775] sd 2:0:1:0: [sdb] Write Protect is off
[    1.996277] sd 2:0:1:0: [sdb] Incomplete mode parameter data
[    1.996961] sd 2:0:1:0: [sdb] Assuming drive cache: write through
[    1.998320] sd 2:0:0:0: [sda] Incomplete mode parameter data
[    1.999255] sd 2:0:0:0: [sda] Assuming drive cache: write through
[    2.002778]  sda: sda1
[    2.004362] sd 2:0:0:0: [sda] Attached SCSI disk
[    2.006581] sd 2:0:1:0: [sdb] Attached SCSI disk
Begin: Loading essential drivers ... [    3.769792] raid6: sse2x1   gen() 15195 MB/s
[    3.816594] raid6: sse2x1   xor()  8507 MB/s
[    3.864294] raid6: sse2x2   gen() 14571 MB/s
[    3.912824] raid6: sse2x2   xor()  7549 MB/s
[    3.960015] raid6: sse2x4   gen() 12183 MB/s
[    4.008409] raid6: sse2x4   xor()  6258 MB/s
[    4.056020] raid6: avx2x1   gen() 17064 MB/s
[    4.104655] raid6: avx2x1   xor()  8251 MB/s
[    4.152409] raid6: avx2x2   gen() 34085 MB/s
[    4.200166] raid6: avx2x2   xor() 11178 MB/s
[    4.248757] raid6: avx2x4   gen() 35918 MB/s
[    4.296275] raid6: avx2x4   xor()  9871 MB/s
[    4.297652] raid6: using algorithm avx2x4 gen() 35918 MB/s
[    4.299304] raid6: .... xor() 9871 MB/s, rmw enabled
[    4.300937] raid6: using avx2x2 recovery algorithm
[    4.303901] xor: automatically using best checksumming function   avx       
[    4.306030] async_tx: api initialized (async)
done.
Begin: Running /scripts/init-premount ... done.
Begin: Mounting root file system ... Begin: Running /scripts/local-top ... done.
Begin: Running /scripts/local-premount ... [    4.355874] Btrfs loaded, crc32c=crc32c-intel
Scanning for Btrfs filesystems
done.
Warning: fsck not present, so skipping root file system
[    4.396476] EXT4-fs (sda1): INFO: recovery required on readonly filesystem
[    4.397558] EXT4-fs (sda1): write access will be enabled during recovery
[    4.439195] EXT4-fs (sda1): recovery complete
[    4.440022] EXT4-fs (sda1): mounted filesystem with ordered data mode. Opts: (null)
done.
Begin: Running /scripts/local-bottom ... done.
Begin: Running /scripts/init-bottom ... done.
[    4.599334] ip_tables: (C) 2000-2006 Netfilter Core Team
[    4.604486] systemd[1]: systemd 237 running in system mode. (+PAM +AUDIT +SELINUX +IMA +APPARMOR +SMACK +SYSVINIT +UTMP +LIBCRYPTSETUP +GCRYPT +GNUTLS +ACL +XZ +LZ4 +SECCOMP +BLKID +ELFUTILS +KMOD -IDN2 +IDN -PCRE2 default-hierarchy=hybrid)
[    4.606805] systemd[1]: Detected virtualization oracle.
[    4.607481] systemd[1]: Detected architecture x86-64.

Welcome to [1mUbuntu 18.04.6 LTS[0m!

[    4.611254] systemd[1]: Set hostname to <ubuntu-bionic>.
[    4.912900] systemd[1]: Set up automount Arbitrary Executable File Formats File System Automount Point.
[[0;32m  OK  [0m] Set up automount Arbitrary Executab…rmats File System Automount Point.
[    4.914927] systemd[1]: Reached target Swap.
[[0;32m  OK  [0m] Reached target Swap.
[    4.916870] systemd[1]: Created slice System Slice.
[[0;32m  OK  [0m] Created slice System Slice.
[    4.917981] systemd[1]: Listening on udev Kernel Socket.
[[0;32m  OK  [0m] Listening on udev Kernel Socket.
[    4.919185] systemd[1]: Listening on /dev/initctl Compatibility Named Pipe.
[[0;32m  OK  [0m] Listening on /dev/initctl Compatibility Named Pipe.
[    4.920706] systemd[1]: Listening on Network Service Netlink Socket.
[[0;32m  OK  [0m] Listening on Network Service Netlink Socket.
[[0;32m  OK  [0m] Reached target User and Group Name Lookups.
[[0;32m  OK  [0m] Listening on Syslog Socket.
[[0;32m  OK  [0m] Listening on LVM2 metadata daemon socket.
[[0;32m  OK  [0m] Listening on Journal Socket (/dev/log).
[[0;32m  OK  [0m] Listening on Journal Socket.
         Mounting Huge Pages File System...
         Mounting Kernel Debug File System...
         Mounting POSIX Message Queue File System...
         Starting Set the console keyboard layout...
         Starting Load Kernel Modules...
[[0;32m  OK  [0m] Listening on LVM2 poll daemon socket.
[[0;32m  OK  [0m] Listening on Journal Audit Socket.
         Starting Journal Service...
[[0;32m  OK  [0m] Reached target System Time Synchronized.
[[0;32m  OK  [0m] Started Forward Password Requests to Wall Directory Watch.
[[0;32m  OK  [0m] Created slice User and Session Slice.
[[0;32m  OK  [0m] Reached target Slices.
[[0;32m  OK  [0m] Listening on udev Control Socket.
         Starting udev Coldplug all Devices...
[[0;32m  OK  [0m] Listening on fsck to fsckd communication Socket.
[[0;32m  OK  [0m] Created slice system-serial\x2dgetty.slice.
[[0;32m  OK  [0m] Listening on Device-mapper event daemon FIFOs.
         Starting Monitoring of LVM2 mirrors…ng dmeventd or progress polling...
         Starting Uncomplicated firewall...
         Starting Create list of required st…ce nodes for the current kernel...
[    4.957802] Loading iSCSI transport class v2.0-870.
[    4.962637] iscsi: registered transport (tcp)
[    4.976460] iscsi: registered transport (iser)
         Starting File System Check on Root Device...
[[0;32m  OK  [0m] Reached target Mounting snaps.
[[0;32m  OK  [0m] Reached target Mounted snaps.
[[0;32m  OK  [0m] Started Journal Service.
[[0;32m  OK  [0m] Mounted Huge Pages File System.
[[0;32m  OK  [0m] Mounted Kernel Debug File System.
[[0;32m  OK  [0m] Mounted POSIX Message Queue File System.
[[0;32m  OK  [0m] Started Load Kernel Modules.
[[0;32m  OK  [0m] Started Uncomplicated firewall.
[[0;32m  OK  [0m] Started Create list of required sta…vice nodes for the current kernel.
[[0;32m  OK  [0m] Started File System Check on Root Device.
[[0;32m  OK  [0m] Started LVM2 metadata daemon.
[[0;32m  OK  [0m] Started File System Check Daemon to report status.
         Starting Remount Root and Kernel File Systems...
         Starting Create Static Device Nodes in /dev...
         Mounting FUSE Control File System...
         Mounting Kernel Configuration File System...
         Starting Apply Kernel Variables...
[[0;32m  OK  [0m] Mounted Kernel Configuration File System.
[[0;32m  OK  [0m] Mounted FUSE Control File System.
[[0;32m  OK  [0m] Started udev Coldplug all Devices.
[[0;32m  OK  [0m] Started Set the console keyboard layout.
[[0;32m  OK  [0m] Started Monitoring of LVM2 mirrors,…sing dmeventd or progress polling.
[[0;32m  OK  [0m] Started Remount Root and Kernel File Systems.
[[0;32m  OK  [0m] Started Create Static Device Nodes in /dev.
[[0;32m  OK  [0m] Started Apply Kernel Variables.
         Starting udev Kernel Device Manager...
         Starting Load/Save Random Seed...
         Starting Flush Journal to Persistent Storage...
[[0;32m  OK  [0m] Reached target Local File Systems (Pre).
[[0;32m  OK  [0m] Reached target Local File Systems.
         Starting Set console font and keymap...
         Starting Tell Plymouth To Write Out Runtime Data...
         Starting AppArmor initialization...
         Starting ebtables ruleset management...
[[0;32m  OK  [0m] Started udev Kernel Device Manager.
[[0;32m  OK  [0m] Started Dispatch Password Requests to Console Directory Watch.
[[0;32m  OK  [0m] Reached target Local Encrypted Volumes.
[[0;32m  OK  [0m] Started Set console font and keymap.
[[0;32m  OK  [0m] Started Load/Save Random Seed.
[[0;32m  OK  [0m] Started Tell Plymouth To Write Out Runtime Data.
[[0;32m  OK  [0m] Started ebtables ruleset management.
[[0;32m  OK  [0m] Started Flush Journal to Persistent Storage.
         Starting Create Volatile Files and Directories...
[[0;32m  OK  [0m] Started Create Volatile Files and Directories.
         Starting Update UTMP about System Boot/Shutdown...
[[0;32m  OK  [0m] Started Update UTMP about System Boot/Shutdown.
[[0;32m  OK  [0m] Found device /dev/ttyS0.
[[0;32m  OK  [0m] Started AppArmor initialization.
         Starting Load AppArmor profiles managed internally by snapd...
         Starting Initial cloud-init job (pre-networking)...
         Mounting Arbitrary Executable File Formats File System...
[[0;32m  OK  [0m] Mounted Arbitrary Executable File Formats File System.
[[0;32m  OK  [0m] Listening on Load/Save RF Kill Switch Status /dev/rfkill Watch.
[[0;32m  OK  [0m] Started Load AppArmor profiles managed internally by snapd.
[    6.837041] cloud-init[541]: Cloud-init v. 23.1.1-0ubuntu0~18.04.1 running 'init-local' at Wed, 19 Apr 2023 06:39:01 +0000. Up 6.63 seconds.
[[0;32m  OK  [0m] Started Initial cloud-init job (pre-networking).
[[0;32m  OK  [0m] Reached target Network (Pre).
         Starting Network Service...
[[0;32m  OK  [0m] Started Network Service.
         Starting Wait for Network to be Configured...
         Starting Network Name Resolution...
[[0;32m  OK  [0m] Started Network Name Resolution.
[[0;32m  OK  [0m] Reached target Network.
[[0;32m  OK  [0m] Reached target Host and Network Name Lookups.
[[0;32m  OK  [0m] Started Wait for Network to be Configured.
         Starting Initial cloud-init job (metadata service crawler)...
[    8.846580] cloud-init[676]: Cloud-init v. 23.1.1-0ubuntu0~18.04.1 running 'init' at Wed, 19 Apr 2023 06:39:03 +0000. Up 8.69 seconds.
[    8.848558] cloud-init[676]: ci-info: ++++++++++++++++++++++++++++++++++++++Net device info++++++++++++++++++++++++++++++++++++++
[    8.860328] cloud-init[676]: ci-info: +--------+------+----------------------------+---------------+--------+-------------------+
[    8.861678] cloud-init[676]: ci-info: | Device |  Up  |          Address           |      Mask     | Scope  |     Hw-Address    |
[    8.873536] cloud-init[676]: ci-info: +--------+------+----------------------------+---------------+--------+-------------------+
[    8.885233] cloud-init[676]: ci-info: | enp0s3 | True |         10.0.2.15          | 255.255.255.0 | global | 02:a9:d6:08:d7:18 |
[    8.886946] cloud-init[676]: ci-info: | enp0s3 | True | fe80::a9:d6ff:fe08:d718/64 |       .       |  link  | 02:a9:d6:08:d7:18 |
[    8.900751] cloud-init[676]: ci-info: |   lo   | True |         127.0.0.1          |   255.0.0.0   |  host  |         .         |
[    8.912489] cloud-init[676]: ci-info: |   lo   | True |          ::1/128           |       .       |  host  |         .         |
[    8.914595] cloud-init[676]: ci-info: +--------+------+----------------------------+---------------+--------+-------------------+
[    8.916699] cloud-init[676]: ci-info: ++++++++++++++++++++++++++++Route IPv4 info+++++++++++++++++++++++++++++
[    8.918870] cloud-init[676]: ci-info: +-------+-------------+----------+-----------------+-----------+-------+
[    8.920983] cloud-init[676]: ci-info: | Route | Destination | Gateway  |     Genmask     | Interface | Flags |
[    8.923079] cloud-init[676]: ci-info: +-------+-------------+----------+-----------------+-----------+-------+
[    8.925237] cloud-init[676]: ci-info: |   0   |   0.0.0.0   | 10.0.2.2 |     0.0.0.0     |   enp0s3  |   UG  |
[    8.926977] cloud-init[676]: ci-info: |   1   |   10.0.2.0  | 0.0.0.0  |  255.255.255.0  |   enp0s3  |   U   |
[    8.928960] cloud-init[676]: ci-info: |   2   |   10.0.2.2  | 0.0.0.0  | 255.255.255.255 |   enp0s3  |   UH  |
[    8.930848] cloud-init[676]: ci-info: +-------+-------------+----------+-----------------+-----------+-------+
[    8.932822] cloud-init[676]: ci-info: +++++++++++++++++++Route IPv6 info+++++++++++++++++++
[    8.934388] cloud-init[676]: ci-info: +-------+-------------+---------+-----------+-------+
[    8.935897] cloud-init[676]: ci-info: | Route | Destination | Gateway | Interface | Flags |
[    8.937426] cloud-init[676]: ci-info: +-------+-------------+---------+-----------+-------+
[    8.938984] cloud-init[676]: ci-info: |   1   |  fe80::/64  |    ::   |   enp0s3  |   U   |
[    8.940492] cloud-init[676]: ci-info: |   3   |    local    |    ::   |   enp0s3  |   U   |
[    8.942022] cloud-init[676]: ci-info: |   4   |   ff00::/8  |    ::   |   enp0s3  |   U   |
[    8.943525] cloud-init[676]: ci-info: +-------+-------------+---------+-----------+-------+
[[0;32m  OK  [0m] Started Initial cloud-init job (metadata service crawler).
[[0;32m  OK  [0m] Reached target Cloud-config availability.
[[0;32m  OK  [0m] Reached target System Initialization.
[[0;32m  OK  [0m] Listening on UUID daemon activation socket.
[[0;32m  OK  [0m] Started ACPI Events Check.
[[0;32m  OK  [0m] Listening on D-Bus System Message Bus Socket.
         Starting Socket activation for snappy daemon.
[[0;32m  OK  [0m] Started Daily apt upgrade and clean activities.
[[0;32m  OK  [0m] Listening on Open-iSCSI iscsid Socket.
[[0;32m  OK  [0m] Listening on cloud-init hotplug hook socket.
[[0;32m  OK  [0m] Listening on ACPID Listen Socket.
[[0;32m  OK  [0m] Started Discard unused blocks once a week.
[[0;32m  OK  [0m] Started Daily Cleanup of Temporary Directories.
         Starting LXD - unix socket.
[[0;32m  OK  [0m] Started Message of the Day.
[[0;32m  OK  [0m] Started Ubuntu Advantage Timer for running repeated jobs.
[[0;32m  OK  [0m] Reached target Timers.
[[0;32m  OK  [0m] Reached target Paths.
[[0;32m  OK  [0m] Reached target Network is Online.
[[0;32m  OK  [0m] Reached target Remote File Systems (Pre).
         Starting Availability of block devices...
         Mounting /vagrant...
[[0;32m  OK  [0m] Listening on Socket activation for snappy daemon.
[[0;32m  OK  [0m] Listening on LXD - unix socket.
[[0;32m  OK  [0m] Started Availability of block devices.
[[0;32m  OK  [0m] Reached target Sockets.
[[0;32m  OK  [0m] Reached target Basic System.
         Starting Login Service...
[[0;32m  OK  [0m] Reached target Login Prompts (Pre).
         Starting Message of the Day...
[[0;32m  OK  [0m] Started irqbalance daemon.
         Starting Snap Daemon...
         Starting Daily apt upgrade and clean activities...
         Starting Dispatcher daemon for systemd-networkd...
         Starting LXD - container startup/shutdown...
         Starting System Logging Service...
         Starting Accounts Service...
         Starting OpenBSD Secure Shell server...
[[0;32m  OK  [0m] Started FUSE filesystem for LXC.
[[0;32m  OK  [0m] Started Regular background program processing daemon.
[[0;32m  OK  [0m] Started Deferred execution scheduler.
[[0;32m  OK  [0m] Started D-Bus System Message Bus.
[[0;32m  OK  [0m] Started Login Service.
[[0;32m  OK  [0m] Started Unattended Upgrades Shutdown.
         Starting LSB: Record successful boot for GRUB...
         Starting Virtualbox guest utils...
[[0;32m  OK  [0m] Started System Logging Service.
[[0;32m  OK  [0m] Mounted /vagrant.
[[0;32m  OK  [0m] Reached target Remote File Systems.
         Starting Permit User Sessions...
         Starting LSB: automatic crash report generation...
[[0;32m  OK  [0m] Started Permit User Sessions.
         Starting Authorization Manager...
         Starting Terminate Plymouth Boot Screen...
         Starting Hold until boot process finishes up...
[[0;32m  OK  [0m] Started Hold until boot process finishes up.
         Starting Set console scheme...
[[0;32m  OK  [0m] Started Serial Getty on ttyS0.
[[0;32m  OK  [0m] Started OpenBSD Secure Shell server.
[[0;32m  OK  [0m] Started Terminate Plymouth Boot Screen.
[[0;32m  OK  [0m] Started LXD - container startup/shutdown.
[[0;32m  OK  [0m] Started Authorization Manager.
[[0;32m  OK  [0m] Started Accounts Service.
[[0;32m  OK  [0m] Started Set console scheme.
[[0;32m  OK  [0m] Created slice system-getty.slice.
[[0;32m  OK  [0m] Started Getty on tty1.
[[0;32m  OK  [0m] Reached target Login Prompts.
[[0;32m  OK  [0m] Started LSB: Record successful boot for GRUB.
[[0;32m  OK  [0m] Started LSB: automatic crash report generation.
[[0;32m  OK  [0m] Started Virtualbox guest utils.
[[0;32m  OK  [0m] Started Dispatcher daemon for systemd-networkd.
[[0;32m  OK  [0m] Started Snap Daemon.
         Starting Wait until snapd is fully seeded...
         Starting Time & Date Service...
[[0;32m  OK  [0m] Started Time & Date Service.
[[0;32m  OK  [0m] Started Wait until snapd is fully seeded.
         Starting Apply the settings specified in cloud-config...
[   11.104597] cloud-init[1208]: Cloud-init v. 23.1.1-0ubuntu0~18.04.1 running 'modules:config' at Wed, 19 Apr 2023 06:39:05 +0000. Up 10.94 seconds.
[[0;32m  OK  [0m] Started Apply the settings specified in cloud-config.
[[0;32m  OK  [0m] Reached target Multi-User System.
         Starting Execute cloud user/final scripts...
[[0;32m  OK  [0m] Reached target Graphical Interface.
         Starting Update UTMP about System Runlevel Changes...
[[0;32m  OK  [0m] Started Update UTMP about System Runlevel Changes.
[   11.831642] cloud-init[1278]: Cloud-init v. 23.1.1-0ubuntu0~18.04.1 running 'modules:final' at Wed, 19 Apr 2023 06:39:06 +0000. Up 11.67 seconds.
[   11.844273] cloud-init[1278]: Cloud-init v. 23.1.1-0ubuntu0~18.04.1 finished at Wed, 19 Apr 2023 06:39:06 +0000. Datasource DataSourceNoCloud [seed=/dev/sdb][dsmode=net].  Up 11.82 seconds
[[0;32m  OK  [0m] Started Execute cloud user/final scripts.
[[0;32m  OK  [0m] Reached target Cloud-init target.
[[0;32m  OK  [0m] Started Daily apt upgrade and clean activities.
[[0;32m  OK  [0m] Created slice User Slice of vagrant.
         Starting User Manager for UID 1000...
[[0;32m  OK  [0m] Started Session 1 of user vagrant.
[[0;32m  OK  [0m] Started User Manager for UID 1000.

Ubuntu 18.04.6 LTS ubuntu-bionic ttyS0

ubuntu-bionic login: 